Flow report for g24_mastermind_controller
Mon Nov 30 07:32:31 2015
Quartus II 64-Bit Version 13.0.1 Build 232 06/12/2013 Service Pack 1 SJ Full Version


---------------------
; Table of Contents ;
---------------------
  1. Legal Notice
  2. Flow Summary
  3. Flow Settings
  4. Flow Non-Default Global Settings
  5. Flow Elapsed Time
  6. Flow OS Summary
  7. Flow Log
  8. Flow Messages
  9. Flow Suppressed Messages



----------------
; Legal Notice ;
----------------
Copyright (C) 1991-2013 Altera Corporation
Your use of Altera Corporation's design tools, logic functions 
and other software and tools, and its AMPP partner logic 
functions, and any output files from any of the foregoing 
(including device programming or simulation files), and any 
associated documentation or information are expressly subject 
to the terms and conditions of the Altera Program License 
Subscription Agreement, Altera MegaCore Function License 
Agreement, or other applicable license agreement, including, 
without limitation, that your use is for the sole purpose of 
programming logic devices manufactured by Altera and sold by 
Altera or its authorized distributors.  Please refer to the 
applicable agreement for further details.



+---------------------------------------------------------------------------------------+
; Flow Summary                                                                          ;
+------------------------------------+--------------------------------------------------+
; Flow Status                        ; Successful - Mon Nov 30 07:32:31 2015            ;
; Quartus II 64-Bit Version          ; 13.0.1 Build 232 06/12/2013 SP 1 SJ Full Version ;
; Revision Name                      ; g24_mastermind_controller                        ;
; Top-level Entity Name              ; g24_mastermind_controller                        ;
; Family                             ; Cyclone II                                       ;
; Device                             ; EP2C20F484C7                                     ;
; Timing Models                      ; Final                                            ;
; Total logic elements               ; 33 / 18,752 ( < 1 % )                            ;
;     Total combinational functions  ; 33 / 18,752 ( < 1 % )                            ;
;     Dedicated logic registers      ; 17 / 18,752 ( < 1 % )                            ;
; Total registers                    ; 17                                               ;
; Total pins                         ; 16 / 315 ( 5 % )                                 ;
; Total virtual pins                 ; 0                                                ;
; Total memory bits                  ; 0 / 239,616 ( 0 % )                              ;
; Embedded Multiplier 9-bit elements ; 0 / 52 ( 0 % )                                   ;
; Total PLLs                         ; 0 / 4 ( 0 % )                                    ;
+------------------------------------+--------------------------------------------------+


+-----------------------------------------------+
; Flow Settings                                 ;
+-------------------+---------------------------+
; Option            ; Setting                   ;
+-------------------+---------------------------+
; Start date & time ; 11/30/2015 07:29:24       ;
; Main task         ; Compilation               ;
; Revision Name     ; g24_mastermind_controller ;
+-------------------+---------------------------+


+----------------------------------------------------------------------------------------------------------------------+
; Flow Non-Default Global Settings                                                                                     ;
+-------------------------------------+---------------------------------+---------------+-------------+----------------+
; Assignment Name                     ; Value                           ; Default Value ; Entity Name ; Section Id     ;
+-------------------------------------+---------------------------------+---------------+-------------+----------------+
; COMPILER_SIGNATURE_ID               ; 169860960492801.144888656406824 ; --            ; --          ; --             ;
; EDA_OUTPUT_DATA_FORMAT              ; Vhdl                            ; --            ; --          ; eda_simulation ;
; EDA_SIMULATION_TOOL                 ; ModelSim-Altera (VHDL)          ; <None>        ; --          ; --             ;
; MAX_CORE_JUNCTION_TEMP              ; 85                              ; --            ; --          ; --             ;
; MIN_CORE_JUNCTION_TEMP              ; 0                               ; --            ; --          ; --             ;
; PARTITION_COLOR                     ; 16764057                        ; --            ; --          ; Top            ;
; PARTITION_FITTER_PRESERVATION_LEVEL ; PLACEMENT_AND_ROUTING           ; --            ; --          ; Top            ;
; PARTITION_NETLIST_TYPE              ; SOURCE                          ; --            ; --          ; Top            ;
; PROJECT_OUTPUT_DIRECTORY            ; output_files                    ; --            ; --          ; --             ;
+-------------------------------------+---------------------------------+---------------+-------------+----------------+


+-------------------------------------------------------------------------------------------------------------------------------+
; Flow Elapsed Time                                                                                                             ;
+---------------------------+--------------+-------------------------+---------------------+------------------------------------+
; Module Name               ; Elapsed Time ; Average Processors Used ; Peak Virtual Memory ; Total CPU Time (on all processors) ;
+---------------------------+--------------+-------------------------+---------------------+------------------------------------+
; Analysis & Synthesis      ; 00:00:03     ; 1.0                     ; 497 MB              ; 00:00:01                           ;
; Fitter                    ; 00:00:06     ; 1.6                     ; 1060 MB             ; 00:00:04                           ;
; Assembler                 ; 00:00:02     ; 1.0                     ; 418 MB              ; 00:00:01                           ;
; TimeQuest Timing Analyzer ; 00:00:02     ; 1.0                     ; 431 MB              ; 00:00:01                           ;
; EDA Netlist Writer        ; 00:00:02     ; 1.0                     ; 384 MB              ; 00:00:00                           ;
; EDA Netlist Writer        ; 00:00:01     ; 1.0                     ; 396 MB              ; 00:00:00                           ;
; Total                     ; 00:00:16     ; --                      ; --                  ; 00:00:07                           ;
+---------------------------+--------------+-------------------------+---------------------+------------------------------------+


+----------------------------------------------------------------------------------------+
; Flow OS Summary                                                                        ;
+---------------------------+------------------+-----------+------------+----------------+
; Module Name               ; Machine Hostname ; OS Name   ; OS Version ; Processor type ;
+---------------------------+------------------+-----------+------------+----------------+
; Analysis & Synthesis      ; 025EUPHRATES     ; Windows 7 ; 6.1        ; x86_64         ;
; Fitter                    ; 025EUPHRATES     ; Windows 7 ; 6.1        ; x86_64         ;
; Assembler                 ; 025EUPHRATES     ; Windows 7 ; 6.1        ; x86_64         ;
; TimeQuest Timing Analyzer ; 025EUPHRATES     ; Windows 7 ; 6.1        ; x86_64         ;
; EDA Netlist Writer        ; 025EUPHRATES     ; Windows 7 ; 6.1        ; x86_64         ;
; EDA Netlist Writer        ; 025EUPHRATES     ; Windows 7 ; 6.1        ; x86_64         ;
+---------------------------+------------------+-----------+------------+----------------+


------------
; Flow Log ;
------------
quartus_map --read_settings_files=on --write_settings_files=off g24_mastermind_controller -c g24_mastermind_controller
quartus_fit --read_settings_files=off --write_settings_files=off g24_mastermind_controller -c g24_mastermind_controller
quartus_asm --read_settings_files=off --write_settings_files=off g24_mastermind_controller -c g24_mastermind_controller
quartus_sta g24_mastermind_controller -c g24_mastermind_controller
quartus_eda --read_settings_files=off --write_settings_files=off g24_mastermind_controller -c g24_mastermind_controller
quartus_eda --read_settings_files=on --write_settings_files=off g24_mastermind_controller -c g24_mastermind_controller --gen_testbench



